Case #1: 0 1 1 2
0 1 1
1 1 2
1 1 0 2
1 1 2
0 1 1
Looks Good To Me
Case #2: 0 329573 3406630 6446644
0 329573 329573
3406630 329573 6446644
329573 119351 3287279 6168074
329573 119351 994385
3287279 119351 5293040
448924 307037 3225432 6992105
448924 307037 2125453
3225432 307037 5173689
755961 398785 3213669 6992105
755961 398785 2617076
3213669 398785 5411648
767724 71668 3142001 6992105
767724 71668 2470244
3142001 71668 4593529
594202 773458 2368543 6820313
594202 773458 3243702
2368543 773458 4350069
1367660 191761 2176782 6355910
1367660 191761 3607255
2176782 191761 2940416
1559421 684970 1491812 6682635
1559421 684970 4928420
1491812 684970 2439185
2244391 616854 874958 6847292
2244391 616854 5854744
874958 616854 1609402
2861245 874958 0 6874515
2861245 874958 6874515
0 874958 874958
Looks Good To Me
